{"contracts/Coin.sol":{"l":{"15":2,"16":1,"20":2,"21":1,"27":1,"34":1,"35":1,"42":1,"43":1,"44":1},"path":"/Volumes/code/projects/truffle-coin-demo/contracts/Coin.sol","s":{"1":2,"2":2,"3":1,"4":1,"5":1,"6":1,"7":1,"8":1},"b":{"1":[1,1],"2":[1,1]},"f":{"1":2,"2":2,"3":1,"4":1,"5":1},"fnMap":{"1":{"name":"onlyMinter","line":14,"loc":{"start":{"line":14,"column":4},"end":{"line":14,"column":23}}},"2":{"name":"validBalance","line":19,"loc":{"start":{"line":19,"column":4},"end":{"line":19,"column":36}}},"3":{"name":null,"line":26,"loc":{"start":{"line":26,"column":4},"end":{"line":26,"column":23}}},"4":{"name":"mint","line":30,"loc":{"start":{"line":30,"column":4},"end":{"line":33,"column":5}}},"5":{"name":"transferTo","line":38,"loc":{"start":{"line":38,"column":4},"end":{"line":41,"column":5}}}},"statementMap":{"1":{"start":{"line":15,"column":8},"end":{"line":15,"column":36}},"2":{"start":{"line":20,"column":8},"end":{"line":20,"column":46}},"3":{"start":{"line":27,"column":8},"end":{"line":27,"column":26}},"4":{"start":{"line":34,"column":8},"end":{"line":34,"column":35}},"5":{"start":{"line":35,"column":8},"end":{"line":35,"column":28}},"6":{"start":{"line":42,"column":8},"end":{"line":42,"column":37}},"7":{"start":{"line":43,"column":8},"end":{"line":43,"column":35}},"8":{"start":{"line":44,"column":8},"end":{"line":44,"column":47}}},"branchMap":{"1":{"line":15,"type":"if","locations":[{"start":{"line":15,"column":8},"end":{"line":15,"column":8}},{"start":{"line":15,"column":8},"end":{"line":15,"column":8}}]},"2":{"line":20,"type":"if","locations":[{"start":{"line":20,"column":8},"end":{"line":20,"column":8}},{"start":{"line":20,"column":8},"end":{"line":20,"column":8}}]}}}}