{"contracts/Coin.sol":{"l":{"11":2,"12":1,"16":2,"17":1,"23":1,"30":1,"31":1,"38":1,"39":1},"path":"/Volumes/code/projects/truffle-coin-demo/contracts/Coin.sol","s":{"1":2,"2":2,"3":1,"4":1,"5":1,"6":1,"7":1},"b":{"1":[1,1],"2":[1,1]},"f":{"1":2,"2":2,"3":1,"4":1,"5":1},"fnMap":{"1":{"name":"onlyMinter","line":10,"loc":{"start":{"line":10,"column":4},"end":{"line":10,"column":23}}},"2":{"name":"validBalance","line":15,"loc":{"start":{"line":15,"column":4},"end":{"line":15,"column":36}}},"3":{"name":null,"line":22,"loc":{"start":{"line":22,"column":4},"end":{"line":22,"column":23}}},"4":{"name":"mint","line":26,"loc":{"start":{"line":26,"column":4},"end":{"line":29,"column":5}}},"5":{"name":"transferTo","line":34,"loc":{"start":{"line":34,"column":4},"end":{"line":37,"column":5}}}},"statementMap":{"1":{"start":{"line":11,"column":8},"end":{"line":11,"column":36}},"2":{"start":{"line":16,"column":8},"end":{"line":16,"column":46}},"3":{"start":{"line":23,"column":8},"end":{"line":23,"column":26}},"4":{"start":{"line":30,"column":8},"end":{"line":30,"column":35}},"5":{"start":{"line":31,"column":8},"end":{"line":31,"column":28}},"6":{"start":{"line":38,"column":8},"end":{"line":38,"column":37}},"7":{"start":{"line":39,"column":8},"end":{"line":39,"column":35}}},"branchMap":{"1":{"line":11,"type":"if","locations":[{"start":{"line":11,"column":8},"end":{"line":11,"column":8}},{"start":{"line":11,"column":8},"end":{"line":11,"column":8}}]},"2":{"line":16,"type":"if","locations":[{"start":{"line":16,"column":8},"end":{"line":16,"column":8}},{"start":{"line":16,"column":8},"end":{"line":16,"column":8}}]}}}}